<?xml version="1.0" encoding="UTF-8"?>
<!-- Generated by org.testng.reporters.JUnitReportReporter -->
<testsuite skipped="0" hostname="DESKTOP-N308L1J" name="util.BrowserFactory" tests="1" failures="0" timestamp="12 Feb 2022 17:00:21 GMT" time="6.485" errors="0">
  <testcase name="init" time="6.485" classname="util.BrowserFactory"/>
</testsuite> <!-- util.BrowserFactory -->
